==== boot_watch2 start 06:40:19 ====
[06:40:23] SSH up ssh2.vast.ai:19154 (try 1)
Warning: Permanently added '[ssh2.vast.ai]:19154' (ED25519) to the list of known hosts.
Welcome to vast.ai. If authentication fails, try again after a few seconds, and double check your ssh key.
Have fun!
Warning: Permanently added '[ssh2.vast.ai]:19154' (ED25519) to the list of known hosts.
Welcome to vast.ai. If authentication fails, try again after a few seconds, and double check your ssh key.
Have fun!
Warning: Permanently added '[ssh2.vast.ai]:19154' (ED25519) to the list of known hosts.
Welcome to vast.ai. If authentication fails, try again after a few seconds, and double check your ssh key.
Have fun!
Warning: Permanently added '[ssh2.vast.ai]:19154' (ED25519) to the list of known hosts.
Welcome to vast.ai. If authentication fails, try again after a few seconds, and double check your ssh key.
Have fun!
launched 426
[06:44:38] setup2 launched
Warning: Permanently added '[ssh2.vast.ai]:19154' (ED25519) to the list of known hosts.
Welcome to vast.ai. If authentication fails, try again after a few seconds, and double check your ssh key.
Have fun!
Warning: Permanently added '[ssh2.vast.ai]:19154' (ED25519) to the list of known hosts.
Welcome to vast.ai. If authentication fails, try again after a few seconds, and double check your ssh key.
Have fun!
[06:44:50] code+datasets deployed
[06:44:54] SETUP_DONE
